[12-May-2024 20:24:49 UTC] PHP Fatal error:  Uncaught Error: Call to undefined function mysql_real_escape_string() in /home/amber/Dokumente/GitHub/oebs/login.php:24
Stack trace:
#0 /home/amber/Dokumente/GitHub/oebs/login.php(37): oe_visual_login->update()
#1 {main}
  thrown in /home/amber/Dokumente/GitHub/oebs/login.php on line 24
[12-May-2024 20:24:54 UTC] PHP Fatal error:  Uncaught Error: Call to undefined function mysql_real_escape_string() in /home/amber/Dokumente/GitHub/oebs/login.php:24
Stack trace:
#0 /home/amber/Dokumente/GitHub/oebs/login.php(37): oe_visual_login->update()
#1 {main}
  thrown in /home/amber/Dokumente/GitHub/oebs/login.php on line 24
[12-May-2024 20:25:40 UTC] PHP Fatal error:  Uncaught Error: Call to undefined function mysql_real_escape_string() in /home/amber/Dokumente/GitHub/oebs/login.php:24
Stack trace:
#0 /home/amber/Dokumente/GitHub/oebs/login.php(37): oe_visual_login->update()
#1 {main}
  thrown in /home/amber/Dokumente/GitHub/oebs/login.php on line 24
[12-May-2024 20:26:26 UTC] PHP Fatal error:  Uncaught Error: Call to undefined function mysql_real_escape_string() in /home/amber/Dokumente/GitHub/oebs/login.php:24
Stack trace:
#0 /home/amber/Dokumente/GitHub/oebs/login.php(37): oe_visual_login->update()
#1 {main}
  thrown in /home/amber/Dokumente/GitHub/oebs/login.php on line 24
[12-May-2024 20:26:29 UTC] PHP Fatal error:  Uncaught Error: Call to undefined function mysql_real_escape_string() in /home/amber/Dokumente/GitHub/oebs/login.php:24
Stack trace:
#0 /home/amber/Dokumente/GitHub/oebs/login.php(37): oe_visual_login->update()
#1 {main}
  thrown in /home/amber/Dokumente/GitHub/oebs/login.php on line 24
[12-May-2024 20:27:48 UTC] PHP Fatal error:  Uncaught Error: Call to undefined function mysql_real_escape_string() in /home/amber/Dokumente/GitHub/oebs/login.php:42
Stack trace:
#0 {main}
  thrown in /home/amber/Dokumente/GitHub/oebs/login.php on line 42
[12-May-2024 20:27:58 UTC] PHP Fatal error:  Uncaught Error: Call to undefined function mysql_real_escape_string() in /home/amber/Dokumente/GitHub/oebs/login.php:42
Stack trace:
#0 {main}
  thrown in /home/amber/Dokumente/GitHub/oebs/login.php on line 42
[12-May-2024 20:28:39 UTC] PHP Fatal error:  Uncaught Error: Call to undefined function mysql_real_escape_string() in /home/amber/Dokumente/GitHub/oebs/login.php:42
Stack trace:
#0 {main}
  thrown in /home/amber/Dokumente/GitHub/oebs/login.php on line 42
[12-May-2024 20:28:47 UTC] PHP Fatal error:  Uncaught Error: Call to undefined function mysql_real_escape_string() in /home/amber/Dokumente/GitHub/oebs/login.php:42
Stack trace:
#0 {main}
  thrown in /home/amber/Dokumente/GitHub/oebs/login.php on line 42
[12-May-2024 20:28:57 UTC] PHP Fatal error:  Uncaught Error: Call to undefined function mysql_real_escape_string() in /home/amber/Dokumente/GitHub/oebs/login.php:42
Stack trace:
#0 {main}
  thrown in /home/amber/Dokumente/GitHub/oebs/login.php on line 42
[12-May-2024 20:29:03 UTC] PHP Fatal error:  Uncaught Error: Call to undefined function mysql_real_escape_string() in /home/amber/Dokumente/GitHub/oebs/login.php:42
Stack trace:
#0 {main}
  thrown in /home/amber/Dokumente/GitHub/oebs/login.php on line 42
[12-May-2024 20:29:12 UTC] PHP Fatal error:  Uncaught Error: Call to undefined function mysql_real_escape_string() in /home/amber/Dokumente/GitHub/oebs/login.php:42
Stack trace:
#0 {main}
  thrown in /home/amber/Dokumente/GitHub/oebs/login.php on line 42
[12-May-2024 20:29:37 UTC] PHP Fatal error:  Uncaught Error: Call to undefined function mysql_real_escape_string() in /home/amber/Dokumente/GitHub/oebs/login.php:42
Stack trace:
#0 {main}
  thrown in /home/amber/Dokumente/GitHub/oebs/login.php on line 42
[12-May-2024 20:29:53 UTC] PHP Fatal error:  Uncaught ArgumentCountError: mysqli_real_escape_string() expects exactly 2 arguments, 1 given in /home/amber/Dokumente/GitHub/oebs/login.php:42
Stack trace:
#0 /home/amber/Dokumente/GitHub/oebs/login.php(42): mysqli_real_escape_string()
#1 {main}
  thrown in /home/amber/Dokumente/GitHub/oebs/login.php on line 42
[12-May-2024 20:32:51 UTC] PHP Fatal error:  Uncaught ArgumentCountError: mysqli_real_escape_string() expects exactly 2 arguments, 1 given in /home/amber/Dokumente/GitHub/oebs/login.php:24
Stack trace:
#0 /home/amber/Dokumente/GitHub/oebs/login.php(24): mysqli_real_escape_string()
#1 /home/amber/Dokumente/GitHub/oebs/login.php(37): oe_visual_login->update()
#2 {main}
  thrown in /home/amber/Dokumente/GitHub/oebs/login.php on line 24
[12-May-2024 20:33:01 UTC] PHP Fatal error:  Uncaught ArgumentCountError: mysqli_real_escape_string() expects exactly 2 arguments, 1 given in /home/amber/Dokumente/GitHub/oebs/login.php:24
Stack trace:
#0 /home/amber/Dokumente/GitHub/oebs/login.php(24): mysqli_real_escape_string()
#1 /home/amber/Dokumente/GitHub/oebs/login.php(37): oe_visual_login->update()
#2 {main}
  thrown in /home/amber/Dokumente/GitHub/oebs/login.php on line 24
[12-May-2024 20:33:23 UTC] PHP Warning:  Undefined array key "username" in /home/amber/Dokumente/GitHub/oebs/login.php on line 24
[12-May-2024 20:33:23 UTC] PHP Warning:  Undefined array key "password" in /home/amber/Dokumente/GitHub/oebs/login.php on line 24
[12-May-2024 20:33:23 UTC] PHP Fatal error:  Uncaught TypeError: count(): Argument #1 ($value) must be of type Countable|array, null given in /home/amber/Dokumente/GitHub/oebs/logic/functions.php:25
Stack trace:
#0 /home/amber/Dokumente/GitHub/oebs/login.php(24): user_cheack_login()
#1 /home/amber/Dokumente/GitHub/oebs/login.php(37): oe_visual_login->update()
#2 {main}
  thrown in /home/amber/Dokumente/GitHub/oebs/logic/functions.php on line 25
[12-May-2024 20:33:25 UTC] PHP Warning:  Undefined array key "username" in /home/amber/Dokumente/GitHub/oebs/login.php on line 24
[12-May-2024 20:33:25 UTC] PHP Warning:  Undefined array key "password" in /home/amber/Dokumente/GitHub/oebs/login.php on line 24
[12-May-2024 20:33:25 UTC] PHP Fatal error:  Uncaught TypeError: count(): Argument #1 ($value) must be of type Countable|array, null given in /home/amber/Dokumente/GitHub/oebs/logic/functions.php:25
Stack trace:
#0 /home/amber/Dokumente/GitHub/oebs/login.php(24): user_cheack_login()
#1 /home/amber/Dokumente/GitHub/oebs/login.php(37): oe_visual_login->update()
#2 {main}
  thrown in /home/amber/Dokumente/GitHub/oebs/logic/functions.php on line 25
[12-May-2024 20:44:53 UTC] PHP Fatal error:  Uncaught ArgumentCountError: Too few arguments to function oe_visual::__construct(), 1 passed in /home/amber/Dokumente/GitHub/oebs/logic/visual/oe_visual_index.php on line 8 and exactly 2 expected in /home/amber/Dokumente/GitHub/oebs/logic/visual/oe_visual.php:22
Stack trace:
#0 /home/amber/Dokumente/GitHub/oebs/logic/visual/oe_visual_index.php(8): oe_visual->__construct()
#1 /home/amber/Dokumente/GitHub/oebs/login.php(11): oe_visual_index->__construct()
#2 /home/amber/Dokumente/GitHub/oebs/login.php(34): oe_visual_login->__construct()
#3 {main}
  thrown in /home/amber/Dokumente/GitHub/oebs/logic/visual/oe_visual.php on line 22
[12-May-2024 20:44:55 UTC] PHP Fatal error:  Uncaught ArgumentCountError: Too few arguments to function oe_visual::__construct(), 1 passed in /home/amber/Dokumente/GitHub/oebs/logic/visual/oe_visual_index.php on line 8 and exactly 2 expected in /home/amber/Dokumente/GitHub/oebs/logic/visual/oe_visual.php:22
Stack trace:
#0 /home/amber/Dokumente/GitHub/oebs/logic/visual/oe_visual_index.php(8): oe_visual->__construct()
#1 /home/amber/Dokumente/GitHub/oebs/login.php(11): oe_visual_index->__construct()
#2 /home/amber/Dokumente/GitHub/oebs/login.php(34): oe_visual_login->__construct()
#3 {main}
  thrown in /home/amber/Dokumente/GitHub/oebs/logic/visual/oe_visual.php on line 22
[12-May-2024 20:45:36 UTC] PHP Fatal error:  Uncaught ArgumentCountError: Too few arguments to function oe_visual_index::__construct(), 0 passed in /home/amber/Dokumente/GitHub/oebs/login.php on line 11 and exactly 1 expected in /home/amber/Dokumente/GitHub/oebs/logic/visual/oe_visual_index.php:7
Stack trace:
#0 /home/amber/Dokumente/GitHub/oebs/login.php(11): oe_visual_index->__construct()
#1 /home/amber/Dokumente/GitHub/oebs/login.php(34): oe_visual_login->__construct()
#2 {main}
  thrown in /home/amber/Dokumente/GitHub/oebs/logic/visual/oe_visual_index.php on line 7
[12-May-2024 20:46:22 UTC] PHP Fatal error:  Uncaught ArgumentCountError: Too few arguments to function oe_visual::__construct(), 1 passed in /home/amber/Dokumente/GitHub/oebs/login.php on line 13 and exactly 2 expected in /home/amber/Dokumente/GitHub/oebs/logic/visual/oe_visual.php:22
Stack trace:
#0 /home/amber/Dokumente/GitHub/oebs/login.php(13): oe_visual->__construct()
#1 /home/amber/Dokumente/GitHub/oebs/login.php(35): oe_visual_login->__construct()
#2 {main}
  thrown in /home/amber/Dokumente/GitHub/oebs/logic/visual/oe_visual.php on line 22
[12-May-2024 20:47:05 UTC] PHP Fatal error:  Uncaught ArgumentCountError: Too few arguments to function oe_visual::__construct(), 1 passed in /home/amber/Dokumente/GitHub/oebs/login.php on line 13 and exactly 2 expected in /home/amber/Dokumente/GitHub/oebs/logic/visual/oe_visual.php:22
Stack trace:
#0 /home/amber/Dokumente/GitHub/oebs/login.php(13): oe_visual->__construct()
#1 /home/amber/Dokumente/GitHub/oebs/login.php(35): oe_visual_login->__construct()
#2 {main}
  thrown in /home/amber/Dokumente/GitHub/oebs/logic/visual/oe_visual.php on line 22
